{"priority": "major", "kind": "bug", "repository": {"links": {"self": {"href": "data/repositories/osrf/subt.json"}, "html": {"href": "#!/osrf/subt"}, "avatar": {"href": "data/bytebucket.org/ravatar/{3c95f6ad-c304-407c-b838-09597d836552}ts=2272898"}}, "type": "repository", "name": "subt", "full_name": "osrf/subt", "uuid": "{3c95f6ad-c304-407c-b838-09597d836552}"}, "links": {"attachments": {"href": "data/repositories/osrf/subt/issues/128/attachments_page=1.json"}, "self": {"href": "data/repositories/osrf/subt/issues/128.json"}, "watch": {"href": "https://api.bitbucket.org/2.0/repositories/osrf/subt/issues/128/watch"}, "comments": {"href": "data/repositories/osrf/subt/issues/128/comments_page=1.json"}, "html": {"href": "#!/osrf/subt/issues/128/getting-error-with-systemsetupinstall"}, "vote": {"href": "https://api.bitbucket.org/2.0/repositories/osrf/subt/issues/128/vote"}}, "reporter": {"display_name": "baila", "uuid": "{22c52b82-0467-49e5-afbf-803525a87d06}", "links": {"self": {"href": "https://api.bitbucket.org/2.0/users/%7B22c52b82-0467-49e5-afbf-803525a87d06%7D"}, "html": {"href": "https://bitbucket.org/%7B22c52b82-0467-49e5-afbf-803525a87d06%7D/"}, "avatar": {"href": "data/secure.gravatar.com/avatar/e82780891a1e938f0bf3a529adc858a5d=httpsavatar-management--avatars.us-west-2.prod.public.atl-paas.netinitialsB-3.png"}}, "nickname": "baila", "type": "user", "account_id": "557058:42fc2023-4935-4b2e-8079-075649866124"}, "title": "Getting error with SystemSetupInstall", "component": null, "votes": 0, "watches": 1, "content": {"raw": "Hey guys,\r\n\r\nI am moving to the Physical host from docker due to slow response. I am following the below link,\r\n\r\n\u200c\r\n\r\nBut not able to build it. When I do catkin\\_make install, i get below errors,\r\n\r\n`[ 96%] Building CXX object subt/subt_ros/CMakeFiles/pose_tf_broadcaster.dir/src/pose_tf_broadcaster.cpp.o`\r\n\r\n`[ 97%] Linking CXX executable /home/baila/subt_ws/devel/lib/subt_ros/pose_tf_broadcaster`\r\n\r\n`[ 97%] Built target pose_tf_broadcaster`\r\n\r\n`Scanning dependencies of target subt_ros_relay`\r\n\r\n`[ 98%] Building CXX object subt/subt_ros/CMakeFiles/subt_ros_relay.dir/src/SubtRosRelay.cc.o`\r\n\r\n`[100%] Linking CXX executable /home/baila/subt_ws/devel/lib/subt_ros/subt_ros_relay`\r\n\r\n`/usr/bin/ld: CMakeFiles/subt_ros_relay.dir/src/SubtRosRelay.cc.o: undefined reference to symbol '_ZN6google8protobuf5Arena11AddListNodeEPvPFvS2_E'`\r\n\r\n`//usr/lib/x86_64-linux-gnu/libprotobuf.so.10: error adding symbols: DSO missing from command line`\r\n\r\n`collect2: error: ld returned 1 exit status`\r\n\r\n`subt/subt_ros/CMakeFiles/subt_ros_relay.dir/build.make:131: recipe for target '/home/baila/subt_ws/devel/lib/subt_ros/subt_ros_relay' failed`\r\n\r\n`make[2]: *** [/home/baila/subt_ws/devel/lib/subt_ros/subt_ros_relay] Error 1`\r\n\r\n`CMakeFiles/Makefile2:4006: recipe for target 'subt/subt_ros/CMakeFiles/subt_ros_relay.dir/all' failed`\r\n\r\n`make[1]: *** [subt/subt_ros/CMakeFiles/subt_ros_relay.dir/all] Error 2`\r\n\r\n`Makefile:140: recipe for target 'all' failed`\r\n\r\n`make: *** [all] Error 2`\r\n\r\n`Invoking \"make install -j4 -l4\" failed`\r\n\r\n`baila@baila-PC:~/subt_ws$`\r\n\r\n\u200c\r\n\r\nAny help?", "markup": "markdown", "html": "<p>Hey guys,</p>\n<p>I am moving to the Physical host from docker due to slow response. I am following the below link,</p>\n<p>\u200c</p>\n<p>But not able to build it. When I do catkin_make install, i get below errors,</p>\n<p><code>[ 96%] Building CXX object subt/subt_ros/CMakeFiles/pose_tf_broadcaster.dir/src/pose_tf_broadcaster.cpp.o</code></p>\n<p><code>[ 97%] Linking CXX executable /home/baila/subt_ws/devel/lib/subt_ros/pose_tf_broadcaster</code></p>\n<p><code>[ 97%] Built target pose_tf_broadcaster</code></p>\n<p><code>Scanning dependencies of target subt_ros_relay</code></p>\n<p><code>[ 98%] Building CXX object subt/subt_ros/CMakeFiles/subt_ros_relay.dir/src/SubtRosRelay.cc.o</code></p>\n<p><code>[100%] Linking CXX executable /home/baila/subt_ws/devel/lib/subt_ros/subt_ros_relay</code></p>\n<p><code>/usr/bin/ld: CMakeFiles/subt_ros_relay.dir/src/SubtRosRelay.cc.o: undefined reference to symbol '_ZN6google8protobuf5Arena11AddListNodeEPvPFvS2_E'</code></p>\n<p><code>//usr/lib/x86_64-linux-gnu/libprotobuf.so.10: error adding symbols: DSO missing from command line</code></p>\n<p><code>collect2: error: ld returned 1 exit status</code></p>\n<p><code>subt/subt_ros/CMakeFiles/subt_ros_relay.dir/build.make:131: recipe for target '/home/baila/subt_ws/devel/lib/subt_ros/subt_ros_relay' failed</code></p>\n<p><code>make[2]: *** [/home/baila/subt_ws/devel/lib/subt_ros/subt_ros_relay] Error 1</code></p>\n<p><code>CMakeFiles/Makefile2:4006: recipe for target 'subt/subt_ros/CMakeFiles/subt_ros_relay.dir/all' failed</code></p>\n<p><code>make[1]: *** [subt/subt_ros/CMakeFiles/subt_ros_relay.dir/all] Error 2</code></p>\n<p><code>Makefile:140: recipe for target 'all' failed</code></p>\n<p><code>make: *** [all] Error 2</code></p>\n<p><code>Invoking \"make install -j4 -l4\" failed</code></p>\n<p><code>baila@baila-PC:~/subt_ws$</code></p>\n<p>\u200c</p>\n<p>Any help?</p>", "type": "rendered"}, "assignee": {"display_name": "Alfredo Bencomo", "uuid": "{84891a71-dff2-4b97-8891-9446c16e6f89}", "links": {"self": {"href": "https://api.bitbucket.org/2.0/users/%7B84891a71-dff2-4b97-8891-9446c16e6f89%7D"}, "html": {"href": "https://bitbucket.org/%7B84891a71-dff2-4b97-8891-9446c16e6f89%7D/"}, "avatar": {"href": "https://avatar-management--avatars.us-west-2.prod.public.atl-paas.net/5cf75629ff02b50ea27b2817/82be1d48-d490-4d7b-8ddb-a8093b9417a6/128"}}, "nickname": "bencomo", "type": "user", "account_id": "5cf75629ff02b50ea27b2817"}, "state": "closed", "version": null, "edited_on": null, "created_on": "2019-07-24T14:19:00.445749+00:00", "milestone": null, "updated_on": "2019-10-31T05:58:19.812467+00:00", "type": "issue", "id": 128}