{"priority": "major", "kind": "bug", "repository": {"links": {"self": {"href": "data/repositories/osrf/subt.json"}, "html": {"href": "#!/osrf/subt"}, "avatar": {"href": "data/bytebucket.org/ravatar/{3c95f6ad-c304-407c-b838-09597d836552}ts=2272898"}}, "type": "repository", "name": "subt", "full_name": "osrf/subt", "uuid": "{3c95f6ad-c304-407c-b838-09597d836552}"}, "links": {"attachments": {"href": "data/repositories/osrf/subt/issues/280/attachments_page=1.json"}, "self": {"href": "data/repositories/osrf/subt/issues/280.json"}, "watch": {"href": "https://api.bitbucket.org/2.0/repositories/osrf/subt/issues/280/watch"}, "comments": {"href": "data/repositories/osrf/subt/issues/280/comments_page=1.json"}, "html": {"href": "#!/osrf/subt/issues/280/errors-compiling-catkin-installation-fatal"}, "vote": {"href": "https://api.bitbucket.org/2.0/repositories/osrf/subt/issues/280/vote"}}, "reporter": {"display_name": "Sophisticated Engineering", "uuid": "{12ed2357-e253-4c67-a2b9-7e12c64773e4}", "links": {"self": {"href": "https://api.bitbucket.org/2.0/users/%7B12ed2357-e253-4c67-a2b9-7e12c64773e4%7D"}, "html": {"href": "https://bitbucket.org/%7B12ed2357-e253-4c67-a2b9-7e12c64773e4%7D/"}, "avatar": {"href": "data/secure.gravatar.com/avatar/2a19963da6b0f34b3be28d8690bdd711d=httpsavatar-management--avatars.us-west-2.prod.public.atl-paas.netinitialsSE-6.png"}}, "nickname": "sopheng", "type": "user", "account_id": "5c0d82b3128c7106f57691a7"}, "title": "errors compiling \"catkin installation\" - fatal error: sdf/Sensor.hh not found", "component": null, "votes": 0, "watches": 1, "content": {"raw": "I just pulled the newest version \\(`hg pull `and `hg update urban_circuit`\\) and tried to compile it \\(`catkin_make install`\\). I get errors that `sdf/Sensor.hh` cannot be found: \r\n\r\n`...`\r\n\r\n`[ 76%] Building CXX object subt/subt_ign/CMakeFiles/ControllerPlugin.dir/src/ControllerPlugin.cc.o`  \r\n`In file included from /home/wolfgang/subt_ws/src/subt/subt_ign/src/GameLogicPlugin.cc:30:0:`  \r\n`/usr/include/ignition/gazebo2/ignition/gazebo/components/DepthCamera.hh:20:10: fatal error: sdf/Sensor.hh: Datei oder Verzeichnis nicht gefunden`  \r\n`#include <sdf/Sensor.hh>`  \r\n`^~~~~~~~~~~~~~~`  \r\n`compilation terminated.`  \r\n`subt/subt_ign/CMakeFiles/GameLogicPlugin.dir/build.make:62: recipe for target 'subt/subt_ign/CMakeFiles/GameLogicPlugin.dir/src/GameLogicPlugin.cc.o' failed`  \r\n`make[2]: *** [subt/subt_ign/CMakeFiles/GameLogicPlugin.dir/src/GameLogicPlugin.cc.o] Error 1`  \r\n`CMakeFiles/Makefile2:3723: recipe for target 'subt/subt_ign/CMakeFiles/GameLogicPlugin.dir/all' failed`  \r\n`make[1]: *** [subt/subt_ign/CMakeFiles/GameLogicPlugin.dir/all] Error 2`  \r\n`make[1]: *** Auf noch nicht beendete Prozesse wird gewartet \u2026`  \r\n`In file included from /home/wolfgang/subt_ws/src/subt/subt_ign/include/subt_ign/ArtifactValidator.hh:23:0,`  \r\n`from /home/wolfgang/subt_ws/src/subt/subt_ign/src/ArtifactValidator.cc:18:`  \r\n`/usr/include/ignition/gazebo2/ignition/gazebo/System.hh:28:10: fatal error: sdf/Element.hh: Datei oder Verzeichnis nicht gefunden`  \r\n`#include <sdf/Element.hh>`  \r\n`^~~~~~~~~~~~~~~~`  \r\n`compilation terminated.`  \r\n`subt/subt_ign/CMakeFiles/ArtifactValidator.dir/build.make:62: recipe for target 'subt/subt_ign/CMakeFiles/ArtifactValidator.dir/src/ArtifactValidator.cc.o' failed`  \r\n`make[2]: *** [subt/subt_ign/CMakeFiles/ArtifactValidator.dir/src/ArtifactValidator.cc.o] Error 1`  \r\n`CMakeFiles/Makefile2:3602: recipe for target 'subt/subt_ign/CMakeFiles/ArtifactValidator.dir/all' failed`  \r\n`make[1]: *** [subt/subt_ign/CMakeFiles/ArtifactValidator.dir/all] Error 2`  \r\n`In file included from /home/wolfgang/subt_ws/src/subt/subt_ign/src/CommsBrokerPlugin.cc:25:0:`  \r\n`/home/wolfgang/subt_ws/src/subt/subt_ign/include/subt_ign/CommsBrokerPlugin.hh:37:10: fatal error: sdf/sdf.hh: Datei oder Verzeichnis nicht gefunden`  \r\n`#include <sdf/sdf.hh>`  \r\n`^~~~~~~~~~~~`  \r\n`compilation terminated.`  \r\n`subt/subt_ign/CMakeFiles/CommsBrokerPlugin.dir/build.make:62: recipe for target 'subt/subt_ign/CMakeFiles/CommsBrokerPlugin.dir/src/CommsBrokerPlugin.cc.o' failed`  \r\n`make[2]: *** [subt/subt_ign/CMakeFiles/CommsBrokerPlugin.dir/src/CommsBrokerPlugin.cc.o] Error 1`  \r\n`CMakeFiles/Makefile2:3560: recipe for target 'subt/subt_ign/CMakeFiles/CommsBrokerPlugin.dir/all' failed`  \r\n`make[1]: *** [subt/subt_ign/CMakeFiles/CommsBrokerPlugin.dir/all] Error 2`  \r\n`In file included from /home/wolfgang/subt_ws/src/subt/subt_ign/src/ControllerPlugin.cc:22:0:`  \r\n`/home/wolfgang/subt_ws/src/subt/subt_ign/include/subt_ign/ControllerPlugin.hh:26:10: fatal error: sdf/Element.hh: Datei oder Verzeichnis nicht gefunden`  \r\n`#include <sdf/Element.hh>`  \r\n`^~~~~~~~~~~~~~~~`  \r\n`compilation terminated.`  \r\n`subt/subt_ign/CMakeFiles/ControllerPlugin.dir/build.make:62: recipe for target 'subt/subt_ign/CMakeFiles/ControllerPlugin.dir/src/ControllerPlugin.cc.o' failed`  \r\n`make[2]: *** [subt/subt_ign/CMakeFiles/ControllerPlugin.dir/src/ControllerPlugin.cc.o] Error 1`  \r\n`CMakeFiles/Makefile2:3681: recipe for target 'subt/subt_ign/CMakeFiles/ControllerPlugin.dir/all' failed`  \r\n`make[1]: *** [subt/subt_ign/CMakeFiles/ControllerPlugin.dir/all] Error 2`  \r\n`Makefile:140: recipe for target 'all' failed`  \r\n`make: *** [all] Error 2`  \r\n`Invoking \"make install -j4 -l4\" failed`\r\n\r\n\u2026\r\n\r\n\u200c\r\n\r\nBackground: I also installed last week `sdf_to_urdf_sdf8` as described in the Model Migration Guid. \r\n\r\nHow can I solve this error?", "markup": "markdown", "html": "<p>I just pulled the newest version (<code>hg pull</code>and <code>hg update urban_circuit</code>) and tried to compile it (<code>catkin_make install</code>). I get errors that <code>sdf/Sensor.hh</code> cannot be found: </p>\n<p><code>...</code></p>\n<p><code>[ 76%] Building CXX object subt/subt_ign/CMakeFiles/ControllerPlugin.dir/src/ControllerPlugin.cc.o</code><br />\n<code>In file included from /home/wolfgang/subt_ws/src/subt/subt_ign/src/GameLogicPlugin.cc:30:0:</code><br />\n<code>/usr/include/ignition/gazebo2/ignition/gazebo/components/DepthCamera.hh:20:10: fatal error: sdf/Sensor.hh: Datei oder Verzeichnis nicht gefunden</code><br />\n<code>#include &lt;sdf/Sensor.hh&gt;</code><br />\n<code>^~~~~~~~~~~~~~~</code><br />\n<code>compilation terminated.</code><br />\n<code>subt/subt_ign/CMakeFiles/GameLogicPlugin.dir/build.make:62: recipe for target 'subt/subt_ign/CMakeFiles/GameLogicPlugin.dir/src/GameLogicPlugin.cc.o' failed</code><br />\n<code>make[2]: *** [subt/subt_ign/CMakeFiles/GameLogicPlugin.dir/src/GameLogicPlugin.cc.o] Error 1</code><br />\n<code>CMakeFiles/Makefile2:3723: recipe for target 'subt/subt_ign/CMakeFiles/GameLogicPlugin.dir/all' failed</code><br />\n<code>make[1]: *** [subt/subt_ign/CMakeFiles/GameLogicPlugin.dir/all] Error 2</code><br />\n<code>make[1]: *** Auf noch nicht beendete Prozesse wird gewartet \u2026</code><br />\n<code>In file included from /home/wolfgang/subt_ws/src/subt/subt_ign/include/subt_ign/ArtifactValidator.hh:23:0,</code><br />\n<code>from /home/wolfgang/subt_ws/src/subt/subt_ign/src/ArtifactValidator.cc:18:</code><br />\n<code>/usr/include/ignition/gazebo2/ignition/gazebo/System.hh:28:10: fatal error: sdf/Element.hh: Datei oder Verzeichnis nicht gefunden</code><br />\n<code>#include &lt;sdf/Element.hh&gt;</code><br />\n<code>^~~~~~~~~~~~~~~~</code><br />\n<code>compilation terminated.</code><br />\n<code>subt/subt_ign/CMakeFiles/ArtifactValidator.dir/build.make:62: recipe for target 'subt/subt_ign/CMakeFiles/ArtifactValidator.dir/src/ArtifactValidator.cc.o' failed</code><br />\n<code>make[2]: *** [subt/subt_ign/CMakeFiles/ArtifactValidator.dir/src/ArtifactValidator.cc.o] Error 1</code><br />\n<code>CMakeFiles/Makefile2:3602: recipe for target 'subt/subt_ign/CMakeFiles/ArtifactValidator.dir/all' failed</code><br />\n<code>make[1]: *** [subt/subt_ign/CMakeFiles/ArtifactValidator.dir/all] Error 2</code><br />\n<code>In file included from /home/wolfgang/subt_ws/src/subt/subt_ign/src/CommsBrokerPlugin.cc:25:0:</code><br />\n<code>/home/wolfgang/subt_ws/src/subt/subt_ign/include/subt_ign/CommsBrokerPlugin.hh:37:10: fatal error: sdf/sdf.hh: Datei oder Verzeichnis nicht gefunden</code><br />\n<code>#include &lt;sdf/sdf.hh&gt;</code><br />\n<code>^~~~~~~~~~~~</code><br />\n<code>compilation terminated.</code><br />\n<code>subt/subt_ign/CMakeFiles/CommsBrokerPlugin.dir/build.make:62: recipe for target 'subt/subt_ign/CMakeFiles/CommsBrokerPlugin.dir/src/CommsBrokerPlugin.cc.o' failed</code><br />\n<code>make[2]: *** [subt/subt_ign/CMakeFiles/CommsBrokerPlugin.dir/src/CommsBrokerPlugin.cc.o] Error 1</code><br />\n<code>CMakeFiles/Makefile2:3560: recipe for target 'subt/subt_ign/CMakeFiles/CommsBrokerPlugin.dir/all' failed</code><br />\n<code>make[1]: *** [subt/subt_ign/CMakeFiles/CommsBrokerPlugin.dir/all] Error 2</code><br />\n<code>In file included from /home/wolfgang/subt_ws/src/subt/subt_ign/src/ControllerPlugin.cc:22:0:</code><br />\n<code>/home/wolfgang/subt_ws/src/subt/subt_ign/include/subt_ign/ControllerPlugin.hh:26:10: fatal error: sdf/Element.hh: Datei oder Verzeichnis nicht gefunden</code><br />\n<code>#include &lt;sdf/Element.hh&gt;</code><br />\n<code>^~~~~~~~~~~~~~~~</code><br />\n<code>compilation terminated.</code><br />\n<code>subt/subt_ign/CMakeFiles/ControllerPlugin.dir/build.make:62: recipe for target 'subt/subt_ign/CMakeFiles/ControllerPlugin.dir/src/ControllerPlugin.cc.o' failed</code><br />\n<code>make[2]: *** [subt/subt_ign/CMakeFiles/ControllerPlugin.dir/src/ControllerPlugin.cc.o] Error 1</code><br />\n<code>CMakeFiles/Makefile2:3681: recipe for target 'subt/subt_ign/CMakeFiles/ControllerPlugin.dir/all' failed</code><br />\n<code>make[1]: *** [subt/subt_ign/CMakeFiles/ControllerPlugin.dir/all] Error 2</code><br />\n<code>Makefile:140: recipe for target 'all' failed</code><br />\n<code>make: *** [all] Error 2</code><br />\n<code>Invoking \"make install -j4 -l4\" failed</code></p>\n<p>\u2026</p>\n<p>\u200c</p>\n<p>Background: I also installed last week <code>sdf_to_urdf_sdf8</code> as described in the Model Migration Guid. </p>\n<p>How can I solve this error?</p>", "type": "rendered"}, "assignee": {"display_name": "Alfredo Bencomo", "uuid": "{84891a71-dff2-4b97-8891-9446c16e6f89}", "links": {"self": {"href": "https://api.bitbucket.org/2.0/users/%7B84891a71-dff2-4b97-8891-9446c16e6f89%7D"}, "html": {"href": "https://bitbucket.org/%7B84891a71-dff2-4b97-8891-9446c16e6f89%7D/"}, "avatar": {"href": "https://avatar-management--avatars.us-west-2.prod.public.atl-paas.net/5cf75629ff02b50ea27b2817/82be1d48-d490-4d7b-8ddb-a8093b9417a6/128"}}, "nickname": "bencomo", "type": "user", "account_id": "5cf75629ff02b50ea27b2817"}, "state": "resolved", "version": null, "edited_on": null, "created_on": "2019-12-01T20:15:28.447088+00:00", "milestone": null, "updated_on": "2019-12-01T21:10:23.297438+00:00", "type": "issue", "id": 280}